<?xml version="1.0" encoding="UTF-8"?>
<testsuite name="ParcelTest" tests="1" skipped="0" failures="0" errors="0" timestamp="2016-01-11T22:06:06" hostname="epicodus-31.local" time="0.001">
  <properties/>
  <testcase name="volume_MultipliesDimensionsToGiveVolume_300" classname="ParcelTest" time="0.001"/>
  <system-out><![CDATA[]]></system-out>
  <system-err><![CDATA[]]></system-err>
</testsuite>
