<?xml version="1.0" encoding="UTF-8"?>
<testsuite name="ParcelTest" tests="2" skipped="0" failures="0" errors="0" timestamp="2016-01-12T00:07:57" hostname="epicodus-31.local" time="0.001">
  <properties/>
  <testcase name="volume_MultipliesDimensionsToGiveVolume_300" classname="ParcelTest" time="0.001"/>
  <testcase name="costToShip_CalculateCostToShip_3" classname="ParcelTest" time="0.0"/>
  <system-out><![CDATA[]]></system-out>
  <system-err><![CDATA[]]></system-err>
</testsuite>
